  % Total    % Received % Xferd  Average Speed   Time    Time     Time  Current
                                 Dload  Upload   Total   Spent    Left  Speed
  0     0    0     0    0     0      0      0 --:--:-- --:--:-- --:--:--     0*   Trying 107.22.154.76:80...
* Connected to ec2-107-22-154-76.compute-1.amazonaws.com (107.22.154.76) port 80 (#0)
> GET /static/js/bundle.js HTTP/1.1
> Host: ec2-107-22-154-76.compute-1.amazonaws.com
> User-Agent: curl/7.79.1
> Accept: */*
> Cookie: login=eyJ1c2VybmFtZSI6ImF3ZGVvcmlvIn0.Yz83sw.SPRcI8v_whisf1raG4YWbLEh88Q
> 
* Mark bundle as not supporting multiuse
< HTTP/1.1 200 OK
< Server: nginx/1.18.0 (Ubuntu)
< Date: Thu, 06 Oct 2022 20:20:45 GMT
< Content-Type: text/javascript; charset=utf-8
< Content-Length: 1144306
< Connection: keep-alive
< Content-Disposition: inline; filename=bundle.js
< Last-Modified: Thu, 06 Oct 2022 20:10:13 GMT
< Cache-Control: no-cache
< 
{ [5490 bytes data]
  0 1117k    0  5490    0     0  69705      0  0:00:16 --:--:--  0:00:16 75205100 1117k  100 1117k    0     0  3897k      0 --:--:-- --:--:-- --:--:-- 3976k
* Connection #0 to host ec2-107-22-154-76.compute-1.amazonaws.com left intact
